This file contains any messages produced by compilers while
running configure, to aid debugging if configure makes a mistake.

It was created by openSMILE configure 2.3.0, which was
generated by GNU Autoconf 2.69.  Invocation command line was

  $ ./configure --without-portaudio --prefix=/home/adrien/Bureau/TER/opensmile-2.3.0/inst --enable-static --enable-shared=no

## --------- ##
## Platform. ##
## --------- ##

hostname = adrien-S551LN
uname -m = x86_64
uname -r = 4.10.0-28-generic
uname -s = Linux
uname -v = #32~16.04.2-Ubuntu SMP Thu Jul 20 10:19:48 UTC 2017

/usr/bin/uname -p = unknown
/bin/uname -X     = unknown

/bin/arch              = unknown
/usr/bin/arch -k       = unknown
/usr/convex/getsysinfo = unknown
/usr/bin/hostinfo      = unknown
/bin/machine           = unknown
/usr/bin/oslevel       = unknown
/bin/universe          = unknown

PATH: /usr/local/sbin
PATH: /usr/local/bin
PATH: /usr/sbin
PATH: /usr/bin
PATH: /sbin
PATH: /bin
PATH: /snap/bin


## ----------- ##
## Core tests. ##
## ----------- ##

configure:2508: checking for a BSD-compatible install
configure:2576: result: /usr/bin/install -c
configure:2587: checking whether build environment is sane
configure:2642: result: yes
configure:2793: checking for a thread-safe mkdir -p
configure:2832: result: /bin/mkdir -p
configure:2839: checking for gawk
configure:2869: result: no
configure:2839: checking for mawk
configure:2855: found /usr/bin/mawk
configure:2866: result: mawk
configure:2877: checking whether make sets $(MAKE)
configure:2899: result: yes
configure:2928: checking whether make supports nested variables
configure:2945: result: yes
configure:3122: checking for gcc
configure:3138: found /usr/bin/gcc
configure:3149: result: gcc
configure:3378: checking for C compiler version
configure:3387: gcc --version >&5
gcc (Ubuntu 5.4.0-6ubuntu1~16.04.5) 5.4.0 20160609
Copyright (C) 2015 Free Software Foundation, Inc.
This is free software; see the source for copying conditions.  There is NO
warranty; not even for MERCHANTABILITY or FITNESS FOR A PARTICULAR PURPOSE.

configure:3398: $? = 0
configure:3387: gcc -v >&5
Using built-in specs.
COLLECT_GCC=gcc
COLLECT_LTO_WRAPPER=/usr/lib/gcc/x86_64-linux-gnu/5/lto-wrapper
Target: x86_64-linux-gnu
Configured with: ../src/configure -v --with-pkgversion='Ubuntu 5.4.0-6ubuntu1~16.04.5' --with-bugurl=file:///usr/share/doc/gcc-5/README.Bugs --enable-languages=c,ada,c++,java,go,d,fortran,objc,obj-c++ --prefix=/usr --program-suffix=-5 --enable-shared --enable-linker-build-id --libexecdir=/usr/lib --without-included-gettext --enable-threads=posix --libdir=/usr/lib --enable-nls --with-sysroot=/ --enable-clocale=gnu --enable-libstdcxx-debug --enable-libstdcxx-time=yes --with-default-libstdcxx-abi=new --enable-gnu-unique-object --disable-vtable-verify --enable-libmpx --enable-plugin --with-system-zlib --disable-browser-plugin --enable-java-awt=gtk --enable-gtk-cairo --with-java-home=/usr/lib/jvm/java-1.5.0-gcj-5-amd64/jre --enable-java-home --with-jvm-root-dir=/usr/lib/jvm/java-1.5.0-gcj-5-amd64 --with-jvm-jar-dir=/usr/lib/jvm-exports/java-1.5.0-gcj-5-amd64 --with-arch-directory=amd64 --with-ecj-jar=/usr/share/java/eclipse-ecj.jar --enable-objc-gc --enable-multiarch --disable-werror --with-arch-32=i686 --with-abi=m64 --with-multilib-list=m32,m64,mx32 --enable-multilib --with-tune=generic --enable-checking=release --build=x86_64-linux-gnu --host=x86_64-linux-gnu --target=x86_64-linux-gnu
Thread model: posix
gcc version 5.4.0 20160609 (Ubuntu 5.4.0-6ubuntu1~16.04.5) 
configure:3398: $? = 0
configure:3387: gcc -V >&5
gcc: error: unrecognized command line option '-V'
gcc: fatal error: no input files
compilation terminated.
configure:3398: $? = 1
configure:3387: gcc -qversion >&5
gcc: error: unrecognized command line option '-qversion'
gcc: fatal error: no input files
compilation terminated.
configure:3398: $? = 1
configure:3418: checking whether the C compiler works
configure:3440: gcc -O2 -mfpmath=sse -msse2 -D__STATIC_LINK -DOPENSMILE_BUILD -DBUILD_SVMSMO -DBUILD_SVMSMO -DBUILD_LIBSVM -DBUILD_RNN -DBUILD_WITHOUT_EXPERIMENTAL -lrt -lm -lpthread -lc conftest.c  >&5
configure:3444: $? = 0
configure:3492: result: yes
configure:3495: checking for C compiler default output file name
configure:3497: result: a.out
configure:3503: checking for suffix of executables
configure:3510: gcc -o conftest -O2 -mfpmath=sse -msse2 -D__STATIC_LINK -DOPENSMILE_BUILD -DBUILD_SVMSMO -DBUILD_SVMSMO -DBUILD_LIBSVM -DBUILD_RNN -DBUILD_WITHOUT_EXPERIMENTAL -lrt -lm -lpthread -lc conftest.c  >&5
configure:3514: $? = 0
configure:3536: result: 
configure:3558: checking whether we are cross compiling
configure:3566: gcc -o conftest -O2 -mfpmath=sse -msse2 -D__STATIC_LINK -DOPENSMILE_BUILD -DBUILD_SVMSMO -DBUILD_SVMSMO -DBUILD_LIBSVM -DBUILD_RNN -DBUILD_WITHOUT_EXPERIMENTAL -lrt -lm -lpthread -lc conftest.c  >&5
configure:3570: $? = 0
configure:3577: ./conftest
configure:3581: $? = 0
configure:3596: result: no
configure:3601: checking for suffix of object files
configure:3623: gcc -c -O2 -mfpmath=sse -msse2 -D__STATIC_LINK -DOPENSMILE_BUILD -DBUILD_SVMSMO -DBUILD_SVMSMO -DBUILD_LIBSVM -DBUILD_RNN -DBUILD_WITHOUT_EXPERIMENTAL conftest.c >&5
configure:3627: $? = 0
configure:3648: result: o
configure:3652: checking whether we are using the GNU C compiler
configure:3671: gcc -c -O2 -mfpmath=sse -msse2 -D__STATIC_LINK -DOPENSMILE_BUILD -DBUILD_SVMSMO -DBUILD_SVMSMO -DBUILD_LIBSVM -DBUILD_RNN -DBUILD_WITHOUT_EXPERIMENTAL conftest.c >&5
configure:3671: $? = 0
configure:3680: result: yes
configure:3689: checking whether gcc accepts -g
configure:3709: gcc -c -g -D__STATIC_LINK -DOPENSMILE_BUILD -DBUILD_SVMSMO -DBUILD_SVMSMO -DBUILD_LIBSVM -DBUILD_RNN -DBUILD_WITHOUT_EXPERIMENTAL conftest.c >&5
configure:3709: $? = 0
configure:3750: result: yes
configure:3767: checking for gcc option to accept ISO C89
configure:3830: gcc  -c -O2 -mfpmath=sse -msse2 -D__STATIC_LINK -DOPENSMILE_BUILD -DBUILD_SVMSMO -DBUILD_SVMSMO -DBUILD_LIBSVM -DBUILD_RNN -DBUILD_WITHOUT_EXPERIMENTAL conftest.c >&5
configure:3830: $? = 0
configure:3843: result: none needed
configure:3868: checking whether gcc understands -c and -o together
configure:3890: gcc -c conftest.c -o conftest2.o
configure:3893: $? = 0
configure:3890: gcc -c conftest.c -o conftest2.o
configure:3893: $? = 0
configure:3905: result: yes
configure:3933: checking for style of include used by make
configure:3961: result: GNU
configure:3987: checking dependency style of gcc
configure:4098: result: gcc3
configure:4171: checking for g++
configure:4187: found /usr/bin/g++
configure:4198: result: g++
configure:4225: checking for C++ compiler version
configure:4234: g++ --version >&5
g++ (Ubuntu 5.4.0-6ubuntu1~16.04.5) 5.4.0 20160609
Copyright (C) 2015 Free Software Foundation, Inc.
This is free software; see the source for copying conditions.  There is NO
warranty; not even for MERCHANTABILITY or FITNESS FOR A PARTICULAR PURPOSE.

configure:4245: $? = 0
configure:4234: g++ -v >&5
Using built-in specs.
COLLECT_GCC=g++
COLLECT_LTO_WRAPPER=/usr/lib/gcc/x86_64-linux-gnu/5/lto-wrapper
Target: x86_64-linux-gnu
Configured with: ../src/configure -v --with-pkgversion='Ubuntu 5.4.0-6ubuntu1~16.04.5' --with-bugurl=file:///usr/share/doc/gcc-5/README.Bugs --enable-languages=c,ada,c++,java,go,d,fortran,objc,obj-c++ --prefix=/usr --program-suffix=-5 --enable-shared --enable-linker-build-id --libexecdir=/usr/lib --without-included-gettext --enable-threads=posix --libdir=/usr/lib --enable-nls --with-sysroot=/ --enable-clocale=gnu --enable-libstdcxx-debug --enable-libstdcxx-time=yes --with-default-libstdcxx-abi=new --enable-gnu-unique-object --disable-vtable-verify --enable-libmpx --enable-plugin --with-system-zlib --disable-browser-plugin --enable-java-awt=gtk --enable-gtk-cairo --with-java-home=/usr/lib/jvm/java-1.5.0-gcj-5-amd64/jre --enable-java-home --with-jvm-root-dir=/usr/lib/jvm/java-1.5.0-gcj-5-amd64 --with-jvm-jar-dir=/usr/lib/jvm-exports/java-1.5.0-gcj-5-amd64 --with-arch-directory=amd64 --with-ecj-jar=/usr/share/java/eclipse-ecj.jar --enable-objc-gc --enable-multiarch --disable-werror --with-arch-32=i686 --with-abi=m64 --with-multilib-list=m32,m64,mx32 --enable-multilib --with-tune=generic --enable-checking=release --build=x86_64-linux-gnu --host=x86_64-linux-gnu --target=x86_64-linux-gnu
Thread model: posix
gcc version 5.4.0 20160609 (Ubuntu 5.4.0-6ubuntu1~16.04.5) 
configure:4245: $? = 0
configure:4234: g++ -V >&5
g++: error: unrecognized command line option '-V'
g++: fatal error: no input files
compilation terminated.
configure:4245: $? = 1
configure:4234: g++ -qversion >&5
g++: error: unrecognized command line option '-qversion'
g++: fatal error: no input files
compilation terminated.
configure:4245: $? = 1
configure:4249: checking whether we are using the GNU C++ compiler
configure:4268: g++ -c -O2 -mfpmath=sse -msse2 -D__STATIC_LINK -DOPENSMILE_BUILD -DBUILD_SVMSMO -DBUILD_SVMSMO -DBUILD_LIBSVM -DBUILD_RNN -DBUILD_WITHOUT_EXPERIMENTAL conftest.cpp >&5
configure:4268: $? = 0
configure:4277: result: yes
configure:4286: checking whether g++ accepts -g
configure:4306: g++ -c -g -D__STATIC_LINK -DOPENSMILE_BUILD -DBUILD_SVMSMO -DBUILD_SVMSMO -DBUILD_LIBSVM -DBUILD_RNN -DBUILD_WITHOUT_EXPERIMENTAL conftest.cpp >&5
configure:4306: $? = 0
configure:4347: result: yes
configure:4372: checking dependency style of g++
configure:4483: result: gcc3
configure:4527: checking build system type
configure:4541: result: x86_64-pc-linux-gnu
configure:4561: checking host system type
configure:4574: result: x86_64-pc-linux-gnu
configure:4615: checking how to print strings
configure:4642: result: printf
configure:4663: checking for a sed that does not truncate output
configure:4727: result: /bin/sed
configure:4745: checking for grep that handles long lines and -e
configure:4803: result: /bin/grep
configure:4808: checking for egrep
configure:4870: result: /bin/grep -E
configure:4875: checking for fgrep
configure:4937: result: /bin/grep -F
configure:4972: checking for ld used by gcc
configure:5039: result: /usr/bin/ld
configure:5046: checking if the linker (/usr/bin/ld) is GNU ld
configure:5061: result: yes
configure:5073: checking for BSD- or MS-compatible name lister (nm)
configure:5127: result: /usr/bin/nm -B
configure:5257: checking the name lister (/usr/bin/nm -B) interface
configure:5264: gcc -c -O2 -mfpmath=sse -msse2 -D__STATIC_LINK -DOPENSMILE_BUILD -DBUILD_SVMSMO -DBUILD_SVMSMO -DBUILD_LIBSVM -DBUILD_RNN -DBUILD_WITHOUT_EXPERIMENTAL conftest.c >&5
configure:5267: /usr/bin/nm -B "conftest.o"
configure:5270: output
0000000000000000 B some_variable
configure:5277: result: BSD nm
configure:5280: checking whether ln -s works
configure:5284: result: yes
configure:5292: checking the maximum length of command line arguments
configure:5423: result: 1572864
configure:5471: checking how to convert x86_64-pc-linux-gnu file names to x86_64-pc-linux-gnu format
configure:5511: result: func_convert_file_noop
configure:5518: checking how to convert x86_64-pc-linux-gnu file names to toolchain format
configure:5538: result: func_convert_file_noop
configure:5545: checking for /usr/bin/ld option to reload object files
configure:5552: result: -r
configure:5626: checking for objdump
configure:5642: found /usr/bin/objdump
configure:5653: result: objdump
configure:5685: checking how to recognize dependent libraries
configure:5885: result: pass_all
configure:5970: checking for dlltool
configure:6000: result: no
configure:6030: checking how to associate runtime and link libraries
configure:6057: result: printf %s\n
configure:6118: checking for ar
configure:6134: found /usr/bin/ar
configure:6145: result: ar
configure:6182: checking for archiver @FILE support
configure:6199: gcc -c -O2 -mfpmath=sse -msse2 -D__STATIC_LINK -DOPENSMILE_BUILD -DBUILD_SVMSMO -DBUILD_SVMSMO -DBUILD_LIBSVM -DBUILD_RNN -DBUILD_WITHOUT_EXPERIMENTAL conftest.c >&5
configure:6199: $? = 0
configure:6202: ar cru libconftest.a @conftest.lst >&5
ar: `u' modifier ignored since `D' is the default (see `U')
configure:6205: $? = 0
configure:6210: ar cru libconftest.a @conftest.lst >&5
ar: `u' modifier ignored since `D' is the default (see `U')
ar: conftest.o: No such file or directory
configure:6213: $? = 1
configure:6225: result: @
configure:6283: checking for strip
configure:6299: found /usr/bin/strip
configure:6310: result: strip
configure:6382: checking for ranlib
configure:6398: found /usr/bin/ranlib
configure:6409: result: ranlib
configure:6511: checking command to parse /usr/bin/nm -B output from gcc object
configure:6664: gcc -c -O2 -mfpmath=sse -msse2 -D__STATIC_LINK -DOPENSMILE_BUILD -DBUILD_SVMSMO -DBUILD_SVMSMO -DBUILD_LIBSVM -DBUILD_RNN -DBUILD_WITHOUT_EXPERIMENTAL conftest.c >&5
configure:6667: $? = 0
configure:6671: /usr/bin/nm -B conftest.o \| sed -n -e 's/^.*[ ]\([ABCDGIRSTW][ABCDGIRSTW]*\)[ ][ ]*\([_A-Za-z][_A-Za-z0-9]*\)$/\1 \2 \2/p' | sed '/ __gnu_lto/d' \> conftest.nm
configure:6674: $? = 0
configure:6740: gcc -o conftest -O2 -mfpmath=sse -msse2 -D__STATIC_LINK -DOPENSMILE_BUILD -DBUILD_SVMSMO -DBUILD_SVMSMO -DBUILD_LIBSVM -DBUILD_RNN -DBUILD_WITHOUT_EXPERIMENTAL -lrt -lm -lpthread -lc conftest.c conftstm.o >&5
configure:6743: $? = 0
configure:6781: result: ok
configure:6828: checking for sysroot
configure:6858: result: no
configure:6865: checking for a working dd
configure:6903: result: /bin/dd
configure:6907: checking how to truncate binary pipes
configure:6922: result: /bin/dd bs=4096 count=1
configure:7058: gcc -c -O2 -mfpmath=sse -msse2 -D__STATIC_LINK -DOPENSMILE_BUILD -DBUILD_SVMSMO -DBUILD_SVMSMO -DBUILD_LIBSVM -DBUILD_RNN -DBUILD_WITHOUT_EXPERIMENTAL conftest.c >&5
configure:7061: $? = 0
configure:7251: checking for mt
configure:7267: found /bin/mt
configure:7278: result: mt
configure:7301: checking if mt is a manifest tool
configure:7307: mt '-?'
configure:7315: result: no
configure:7992: checking how to run the C preprocessor
configure:8023: gcc -E -D__STATIC_LINK -DOPENSMILE_BUILD -DBUILD_SVMSMO -DBUILD_SVMSMO -DBUILD_LIBSVM -DBUILD_RNN -DBUILD_WITHOUT_EXPERIMENTAL conftest.c
configure:8023: $? = 0
configure:8037: gcc -E -D__STATIC_LINK -DOPENSMILE_BUILD -DBUILD_SVMSMO -DBUILD_SVMSMO -DBUILD_LIBSVM -DBUILD_RNN -DBUILD_WITHOUT_EXPERIMENTAL conftest.c
conftest.c:11:28: fatal error: ac_nonexistent.h: No such file or directory
compilation terminated.
configure:8037: $? = 1
configure: failed program was:
| /* confdefs.h */
| #define PACKAGE_NAME "openSMILE"
| #define PACKAGE_TARNAME "opensmile"
| #define PACKAGE_VERSION "2.3.0"
| #define PACKAGE_STRING "openSMILE 2.3.0"
| #define PACKAGE_BUGREPORT ""
| #define PACKAGE_URL ""
| #define PACKAGE "opensmile"
| #define VERSION "2.3.0"
| /* end confdefs.h.  */
| #include <ac_nonexistent.h>
configure:8062: result: gcc -E
configure:8082: gcc -E -D__STATIC_LINK -DOPENSMILE_BUILD -DBUILD_SVMSMO -DBUILD_SVMSMO -DBUILD_LIBSVM -DBUILD_RNN -DBUILD_WITHOUT_EXPERIMENTAL conftest.c
configure:8082: $? = 0
configure:8096: gcc -E -D__STATIC_LINK -DOPENSMILE_BUILD -DBUILD_SVMSMO -DBUILD_SVMSMO -DBUILD_LIBSVM -DBUILD_RNN -DBUILD_WITHOUT_EXPERIMENTAL conftest.c
conftest.c:11:28: fatal error: ac_nonexistent.h: No such file or directory
compilation terminated.
configure:8096: $? = 1
configure: failed program was:
| /* confdefs.h */
| #define PACKAGE_NAME "openSMILE"
| #define PACKAGE_TARNAME "opensmile"
| #define PACKAGE_VERSION "2.3.0"
| #define PACKAGE_STRING "openSMILE 2.3.0"
| #define PACKAGE_BUGREPORT ""
| #define PACKAGE_URL ""
| #define PACKAGE "opensmile"
| #define VERSION "2.3.0"
| /* end confdefs.h.  */
| #include <ac_nonexistent.h>
configure:8125: checking for ANSI C header files
configure:8145: gcc -c -O2 -mfpmath=sse -msse2 -D__STATIC_LINK -DOPENSMILE_BUILD -DBUILD_SVMSMO -DBUILD_SVMSMO -DBUILD_LIBSVM -DBUILD_RNN -DBUILD_WITHOUT_EXPERIMENTAL conftest.c >&5
configure:8145: $? = 0
configure:8218: gcc -o conftest -O2 -mfpmath=sse -msse2 -D__STATIC_LINK -DOPENSMILE_BUILD -DBUILD_SVMSMO -DBUILD_SVMSMO -DBUILD_LIBSVM -DBUILD_RNN -DBUILD_WITHOUT_EXPERIMENTAL -lrt -lm -lpthread -lc conftest.c  >&5
configure:8218: $? = 0
configure:8218: ./conftest
configure:8218: $? = 0
configure:8229: result: yes
configure:8242: checking for sys/types.h
configure:8242: gcc -c -O2 -mfpmath=sse -msse2 -D__STATIC_LINK -DOPENSMILE_BUILD -DBUILD_SVMSMO -DBUILD_SVMSMO -DBUILD_LIBSVM -DBUILD_RNN -DBUILD_WITHOUT_EXPERIMENTAL conftest.c >&5
configure:8242: $? = 0
configure:8242: result: yes
configure:8242: checking for sys/stat.h
configure:8242: gcc -c -O2 -mfpmath=sse -msse2 -D__STATIC_LINK -DOPENSMILE_BUILD -DBUILD_SVMSMO -DBUILD_SVMSMO -DBUILD_LIBSVM -DBUILD_RNN -DBUILD_WITHOUT_EXPERIMENTAL conftest.c >&5
configure:8242: $? = 0
configure:8242: result: yes
configure:8242: checking for stdlib.h
configure:8242: gcc -c -O2 -mfpmath=sse -msse2 -D__STATIC_LINK -DOPENSMILE_BUILD -DBUILD_SVMSMO -DBUILD_SVMSMO -DBUILD_LIBSVM -DBUILD_RNN -DBUILD_WITHOUT_EXPERIMENTAL conftest.c >&5
configure:8242: $? = 0
configure:8242: result: yes
configure:8242: checking for string.h
configure:8242: gcc -c -O2 -mfpmath=sse -msse2 -D__STATIC_LINK -DOPENSMILE_BUILD -DBUILD_SVMSMO -DBUILD_SVMSMO -DBUILD_LIBSVM -DBUILD_RNN -DBUILD_WITHOUT_EXPERIMENTAL conftest.c >&5
configure:8242: $? = 0
configure:8242: result: yes
configure:8242: checking for memory.h
configure:8242: gcc -c -O2 -mfpmath=sse -msse2 -D__STATIC_LINK -DOPENSMILE_BUILD -DBUILD_SVMSMO -DBUILD_SVMSMO -DBUILD_LIBSVM -DBUILD_RNN -DBUILD_WITHOUT_EXPERIMENTAL conftest.c >&5
configure:8242: $? = 0
configure:8242: result: yes
configure:8242: checking for strings.h
configure:8242: gcc -c -O2 -mfpmath=sse -msse2 -D__STATIC_LINK -DOPENSMILE_BUILD -DBUILD_SVMSMO -DBUILD_SVMSMO -DBUILD_LIBSVM -DBUILD_RNN -DBUILD_WITHOUT_EXPERIMENTAL conftest.c >&5
configure:8242: $? = 0
configure:8242: result: yes
configure:8242: checking for inttypes.h
configure:8242: gcc -c -O2 -mfpmath=sse -msse2 -D__STATIC_LINK -DOPENSMILE_BUILD -DBUILD_SVMSMO -DBUILD_SVMSMO -DBUILD_LIBSVM -DBUILD_RNN -DBUILD_WITHOUT_EXPERIMENTAL conftest.c >&5
configure:8242: $? = 0
configure:8242: result: yes
configure:8242: checking for stdint.h
configure:8242: gcc -c -O2 -mfpmath=sse -msse2 -D__STATIC_LINK -DOPENSMILE_BUILD -DBUILD_SVMSMO -DBUILD_SVMSMO -DBUILD_LIBSVM -DBUILD_RNN -DBUILD_WITHOUT_EXPERIMENTAL conftest.c >&5
configure:8242: $? = 0
configure:8242: result: yes
configure:8242: checking for unistd.h
configure:8242: gcc -c -O2 -mfpmath=sse -msse2 -D__STATIC_LINK -DOPENSMILE_BUILD -DBUILD_SVMSMO -DBUILD_SVMSMO -DBUILD_LIBSVM -DBUILD_RNN -DBUILD_WITHOUT_EXPERIMENTAL conftest.c >&5
configure:8242: $? = 0
configure:8242: result: yes
configure:8256: checking for dlfcn.h
configure:8256: gcc -c -O2 -mfpmath=sse -msse2 -D__STATIC_LINK -DOPENSMILE_BUILD -DBUILD_SVMSMO -DBUILD_SVMSMO -DBUILD_LIBSVM -DBUILD_RNN -DBUILD_WITHOUT_EXPERIMENTAL conftest.c >&5
configure:8256: $? = 0
configure:8256: result: yes
configure:8523: checking for objdir
configure:8538: result: .libs
configure:8802: checking if gcc supports -fno-rtti -fno-exceptions
configure:8820: gcc -c -O2 -mfpmath=sse -msse2 -D__STATIC_LINK -DOPENSMILE_BUILD -DBUILD_SVMSMO -DBUILD_SVMSMO -DBUILD_LIBSVM -DBUILD_RNN -DBUILD_WITHOUT_EXPERIMENTAL -fno-rtti -fno-exceptions conftest.c >&5
cc1: warning: command line option '-fno-rtti' is valid for C++/ObjC++ but not for C
configure:8824: $? = 0
configure:8837: result: no
configure:9195: checking for gcc option to produce PIC
configure:9202: result: -fPIC -DPIC
configure:9210: checking if gcc PIC flag -fPIC -DPIC works
configure:9228: gcc -c -O2 -mfpmath=sse -msse2 -D__STATIC_LINK -DOPENSMILE_BUILD -DBUILD_SVMSMO -DBUILD_SVMSMO -DBUILD_LIBSVM -DBUILD_RNN -DBUILD_WITHOUT_EXPERIMENTAL -fPIC -DPIC -DPIC conftest.c >&5
configure:9232: $? = 0
configure:9245: result: yes
configure:9274: checking if gcc static flag -static works
configure:9302: result: yes
configure:9317: checking if gcc supports -c -o file.o
configure:9338: gcc -c -O2 -mfpmath=sse -msse2 -D__STATIC_LINK -DOPENSMILE_BUILD -DBUILD_SVMSMO -DBUILD_SVMSMO -DBUILD_LIBSVM -DBUILD_RNN -DBUILD_WITHOUT_EXPERIMENTAL -o out/conftest2.o conftest.c >&5
configure:9342: $? = 0
configure:9364: result: yes
configure:9372: checking if gcc supports -c -o file.o
configure:9419: result: yes
configure:9452: checking whether the gcc linker (/usr/bin/ld -m elf_x86_64) supports shared libraries
configure:10715: result: yes
configure:10955: checking dynamic linker characteristics
configure:11536: gcc -o conftest -O2 -mfpmath=sse -msse2 -D__STATIC_LINK -DOPENSMILE_BUILD -DBUILD_SVMSMO -DBUILD_SVMSMO -DBUILD_LIBSVM -DBUILD_RNN -DBUILD_WITHOUT_EXPERIMENTAL -lrt -lm -lpthread -lc -Wl,-rpath -Wl,/foo conftest.c  >&5
configure:11536: $? = 0
configure:11785: result: GNU/Linux ld.so
configure:11907: checking how to hardcode library paths into programs
configure:11932: result: immediate
configure:12480: checking whether stripping libraries is possible
configure:12485: result: yes
configure:12520: checking if libtool supports shared libraries
configure:12522: result: yes
configure:12525: checking whether to build shared libraries
configure:12550: result: no
configure:12553: checking whether to build static libraries
configure:12557: result: yes
configure:12580: checking how to run the C++ preprocessor
configure:12607: g++ -E -D__STATIC_LINK -DOPENSMILE_BUILD -DBUILD_SVMSMO -DBUILD_SVMSMO -DBUILD_LIBSVM -DBUILD_RNN -DBUILD_WITHOUT_EXPERIMENTAL conftest.cpp
configure:12607: $? = 0
configure:12621: g++ -E -D__STATIC_LINK -DOPENSMILE_BUILD -DBUILD_SVMSMO -DBUILD_SVMSMO -DBUILD_LIBSVM -DBUILD_RNN -DBUILD_WITHOUT_EXPERIMENTAL conftest.cpp
conftest.cpp:23:28: fatal error: ac_nonexistent.h: No such file or directory
compilation terminated.
configure:12621: $? = 1
configure: failed program was:
| /* confdefs.h */
| #define PACKAGE_NAME "openSMILE"
| #define PACKAGE_TARNAME "opensmile"
| #define PACKAGE_VERSION "2.3.0"
| #define PACKAGE_STRING "openSMILE 2.3.0"
| #define PACKAGE_BUGREPORT ""
| #define PACKAGE_URL ""
| #define PACKAGE "opensmile"
| #define VERSION "2.3.0"
| #define STDC_HEADERS 1
| #define HAVE_SYS_TYPES_H 1
| #define HAVE_SYS_STAT_H 1
| #define HAVE_STDLIB_H 1
| #define HAVE_STRING_H 1
| #define HAVE_MEMORY_H 1
| #define HAVE_STRINGS_H 1
| #define HAVE_INTTYPES_H 1
| #define HAVE_STDINT_H 1
| #define HAVE_UNISTD_H 1
| #define HAVE_DLFCN_H 1
| #define LT_OBJDIR ".libs/"
| /* end confdefs.h.  */
| #include <ac_nonexistent.h>
configure:12646: result: g++ -E
configure:12666: g++ -E -D__STATIC_LINK -DOPENSMILE_BUILD -DBUILD_SVMSMO -DBUILD_SVMSMO -DBUILD_LIBSVM -DBUILD_RNN -DBUILD_WITHOUT_EXPERIMENTAL conftest.cpp
configure:12666: $? = 0
configure:12680: g++ -E -D__STATIC_LINK -DOPENSMILE_BUILD -DBUILD_SVMSMO -DBUILD_SVMSMO -DBUILD_LIBSVM -DBUILD_RNN -DBUILD_WITHOUT_EXPERIMENTAL conftest.cpp
conftest.cpp:23:28: fatal error: ac_nonexistent.h: No such file or directory
compilation terminated.
configure:12680: $? = 1
configure: failed program was:
| /* confdefs.h */
| #define PACKAGE_NAME "openSMILE"
| #define PACKAGE_TARNAME "opensmile"
| #define PACKAGE_VERSION "2.3.0"
| #define PACKAGE_STRING "openSMILE 2.3.0"
| #define PACKAGE_BUGREPORT ""
| #define PACKAGE_URL ""
| #define PACKAGE "opensmile"
| #define VERSION "2.3.0"
| #define STDC_HEADERS 1
| #define HAVE_SYS_TYPES_H 1
| #define HAVE_SYS_STAT_H 1
| #define HAVE_STDLIB_H 1
| #define HAVE_STRING_H 1
| #define HAVE_MEMORY_H 1
| #define HAVE_STRINGS_H 1
| #define HAVE_INTTYPES_H 1
| #define HAVE_STDINT_H 1
| #define HAVE_UNISTD_H 1
| #define HAVE_DLFCN_H 1
| #define LT_OBJDIR ".libs/"
| /* end confdefs.h.  */
| #include <ac_nonexistent.h>
configure:12842: checking for ld used by g++
configure:12909: result: /usr/bin/ld -m elf_x86_64
configure:12916: checking if the linker (/usr/bin/ld -m elf_x86_64) is GNU ld
configure:12931: result: yes
configure:12986: checking whether the g++ linker (/usr/bin/ld -m elf_x86_64) supports shared libraries
configure:14059: result: yes
configure:14095: g++ -c -O2 -mfpmath=sse -msse2 -D__STATIC_LINK -DOPENSMILE_BUILD -DBUILD_SVMSMO -DBUILD_SVMSMO -DBUILD_LIBSVM -DBUILD_RNN -DBUILD_WITHOUT_EXPERIMENTAL conftest.cpp >&5
configure:14098: $? = 0
configure:14579: checking for g++ option to produce PIC
configure:14586: result: -fPIC -DPIC
configure:14594: checking if g++ PIC flag -fPIC -DPIC works
configure:14612: g++ -c -O2 -mfpmath=sse -msse2 -D__STATIC_LINK -DOPENSMILE_BUILD -DBUILD_SVMSMO -DBUILD_SVMSMO -DBUILD_LIBSVM -DBUILD_RNN -DBUILD_WITHOUT_EXPERIMENTAL -fPIC -DPIC -DPIC conftest.cpp >&5
configure:14616: $? = 0
configure:14629: result: yes
configure:14652: checking if g++ static flag -static works
configure:14680: result: yes
configure:14692: checking if g++ supports -c -o file.o
configure:14713: g++ -c -O2 -mfpmath=sse -msse2 -D__STATIC_LINK -DOPENSMILE_BUILD -DBUILD_SVMSMO -DBUILD_SVMSMO -DBUILD_LIBSVM -DBUILD_RNN -DBUILD_WITHOUT_EXPERIMENTAL -o out/conftest2.o conftest.cpp >&5
configure:14717: $? = 0
configure:14739: result: yes
configure:14744: checking if g++ supports -c -o file.o
configure:14791: result: yes
configure:14821: checking whether the g++ linker (/usr/bin/ld -m elf_x86_64) supports shared libraries
configure:14864: result: yes
configure:15005: checking dynamic linker characteristics
configure:15762: result: GNU/Linux ld.so
configure:15827: checking how to hardcode library paths into programs
configure:15852: result: immediate
configure:16403: checking for the pthreads library -lpthreads
configure:16436: gcc -o conftest -O2 -mfpmath=sse -msse2  -D__STATIC_LINK -DOPENSMILE_BUILD -DBUILD_SVMSMO -DBUILD_SVMSMO -DBUILD_LIBSVM -DBUILD_RNN -DBUILD_WITHOUT_EXPERIMENTAL -lrt -lm -lpthread -lc conftest.c -lpthreads  >&5
conftest.c: In function 'main':
conftest.c:28:22: warning: null argument where non-null required (argument 1) [-Wnonnull]
                      pthread_attr_init(0); pthread_cleanup_push(0, 0);
                      ^
conftest.c:29:22: warning: null argument where non-null required (argument 1) [-Wnonnull]
                      pthread_create(0,0,0,0); pthread_cleanup_pop(0);
                      ^
conftest.c:29:22: warning: null argument where non-null required (argument 3) [-Wnonnull]
/usr/bin/ld: cannot find -lpthreads
collect2: error: ld returned 1 exit status
configure:16436: $? = 1
configure: failed program was:
| /* confdefs.h */
| #define PACKAGE_NAME "openSMILE"
| #define PACKAGE_TARNAME "opensmile"
| #define PACKAGE_VERSION "2.3.0"
| #define PACKAGE_STRING "openSMILE 2.3.0"
| #define PACKAGE_BUGREPORT ""
| #define PACKAGE_URL ""
| #define PACKAGE "opensmile"
| #define VERSION "2.3.0"
| #define STDC_HEADERS 1
| #define HAVE_SYS_TYPES_H 1
| #define HAVE_SYS_STAT_H 1
| #define HAVE_STDLIB_H 1
| #define HAVE_STRING_H 1
| #define HAVE_MEMORY_H 1
| #define HAVE_STRINGS_H 1
| #define HAVE_INTTYPES_H 1
| #define HAVE_STDINT_H 1
| #define HAVE_UNISTD_H 1
| #define HAVE_DLFCN_H 1
| #define LT_OBJDIR ".libs/"
| /* end confdefs.h.  */
| #include <pthread.h>
| int
| main ()
| {
| pthread_t th; pthread_join(th, 0);
|                      pthread_attr_init(0); pthread_cleanup_push(0, 0);
|                      pthread_create(0,0,0,0); pthread_cleanup_pop(0);
|   ;
|   return 0;
| }
configure:16445: result: no
configure:16348: checking whether pthreads work without any flags
configure:16436: gcc -o conftest -O2 -mfpmath=sse -msse2  -D__STATIC_LINK -DOPENSMILE_BUILD -DBUILD_SVMSMO -DBUILD_SVMSMO -DBUILD_LIBSVM -DBUILD_RNN -DBUILD_WITHOUT_EXPERIMENTAL -lrt -lm -lpthread -lc conftest.c   >&5
conftest.c: In function 'main':
conftest.c:28:22: warning: null argument where non-null required (argument 1) [-Wnonnull]
                      pthread_attr_init(0); pthread_cleanup_push(0, 0);
                      ^
conftest.c:29:22: warning: null argument where non-null required (argument 1) [-Wnonnull]
                      pthread_create(0,0,0,0); pthread_cleanup_pop(0);
                      ^
conftest.c:29:22: warning: null argument where non-null required (argument 3) [-Wnonnull]
/tmp/ccYhOBoK.o: In function `main':
conftest.c:(.text.startup+0x19): undefined reference to `pthread_join'
conftest.c:(.text.startup+0x36): undefined reference to `__pthread_register_cancel'
conftest.c:(.text.startup+0x43): undefined reference to `pthread_create'
conftest.c:(.text.startup+0x4b): undefined reference to `__pthread_unregister_cancel'
collect2: error: ld returned 1 exit status
configure:16436: $? = 1
configure: failed program was:
| /* confdefs.h */
| #define PACKAGE_NAME "openSMILE"
| #define PACKAGE_TARNAME "opensmile"
| #define PACKAGE_VERSION "2.3.0"
| #define PACKAGE_STRING "openSMILE 2.3.0"
| #define PACKAGE_BUGREPORT ""
| #define PACKAGE_URL ""
| #define PACKAGE "opensmile"
| #define VERSION "2.3.0"
| #define STDC_HEADERS 1
| #define HAVE_SYS_TYPES_H 1
| #define HAVE_SYS_STAT_H 1
| #define HAVE_STDLIB_H 1
| #define HAVE_STRING_H 1
| #define HAVE_MEMORY_H 1
| #define HAVE_STRINGS_H 1
| #define HAVE_INTTYPES_H 1
| #define HAVE_STDINT_H 1
| #define HAVE_UNISTD_H 1
| #define HAVE_DLFCN_H 1
| #define LT_OBJDIR ".libs/"
| /* end confdefs.h.  */
| #include <pthread.h>
| int
| main ()
| {
| pthread_t th; pthread_join(th, 0);
|                      pthread_attr_init(0); pthread_cleanup_push(0, 0);
|                      pthread_create(0,0,0,0); pthread_cleanup_pop(0);
|   ;
|   return 0;
| }
configure:16445: result: no
configure:16353: checking whether pthreads work with -Kthread
configure:16436: gcc -o conftest -O2 -mfpmath=sse -msse2 -Kthread -D__STATIC_LINK -DOPENSMILE_BUILD -DBUILD_SVMSMO -DBUILD_SVMSMO -DBUILD_LIBSVM -DBUILD_RNN -DBUILD_WITHOUT_EXPERIMENTAL -lrt -lm -lpthread -lc conftest.c   >&5
gcc: error: unrecognized command line option '-Kthread'
configure:16436: $? = 1
configure: failed program was:
| /* confdefs.h */
| #define PACKAGE_NAME "openSMILE"
| #define PACKAGE_TARNAME "opensmile"
| #define PACKAGE_VERSION "2.3.0"
| #define PACKAGE_STRING "openSMILE 2.3.0"
| #define PACKAGE_BUGREPORT ""
| #define PACKAGE_URL ""
| #define PACKAGE "opensmile"
| #define VERSION "2.3.0"
| #define STDC_HEADERS 1
| #define HAVE_SYS_TYPES_H 1
| #define HAVE_SYS_STAT_H 1
| #define HAVE_STDLIB_H 1
| #define HAVE_STRING_H 1
| #define HAVE_MEMORY_H 1
| #define HAVE_STRINGS_H 1
| #define HAVE_INTTYPES_H 1
| #define HAVE_STDINT_H 1
| #define HAVE_UNISTD_H 1
| #define HAVE_DLFCN_H 1
| #define LT_OBJDIR ".libs/"
| /* end confdefs.h.  */
| #include <pthread.h>
| int
| main ()
| {
| pthread_t th; pthread_join(th, 0);
|                      pthread_attr_init(0); pthread_cleanup_push(0, 0);
|                      pthread_create(0,0,0,0); pthread_cleanup_pop(0);
|   ;
|   return 0;
| }
configure:16445: result: no
configure:16353: checking whether pthreads work with -kthread
configure:16436: gcc -o conftest -O2 -mfpmath=sse -msse2 -kthread -D__STATIC_LINK -DOPENSMILE_BUILD -DBUILD_SVMSMO -DBUILD_SVMSMO -DBUILD_LIBSVM -DBUILD_RNN -DBUILD_WITHOUT_EXPERIMENTAL -lrt -lm -lpthread -lc conftest.c   >&5
gcc: error: unrecognized command line option '-kthread'
configure:16436: $? = 1
configure: failed program was:
| /* confdefs.h */
| #define PACKAGE_NAME "openSMILE"
| #define PACKAGE_TARNAME "opensmile"
| #define PACKAGE_VERSION "2.3.0"
| #define PACKAGE_STRING "openSMILE 2.3.0"
| #define PACKAGE_BUGREPORT ""
| #define PACKAGE_URL ""
| #define PACKAGE "opensmile"
| #define VERSION "2.3.0"
| #define STDC_HEADERS 1
| #define HAVE_SYS_TYPES_H 1
| #define HAVE_SYS_STAT_H 1
| #define HAVE_STDLIB_H 1
| #define HAVE_STRING_H 1
| #define HAVE_MEMORY_H 1
| #define HAVE_STRINGS_H 1
| #define HAVE_INTTYPES_H 1
| #define HAVE_STDINT_H 1
| #define HAVE_UNISTD_H 1
| #define HAVE_DLFCN_H 1
| #define LT_OBJDIR ".libs/"
| /* end confdefs.h.  */
| #include <pthread.h>
| int
| main ()
| {
| pthread_t th; pthread_join(th, 0);
|                      pthread_attr_init(0); pthread_cleanup_push(0, 0);
|                      pthread_create(0,0,0,0); pthread_cleanup_pop(0);
|   ;
|   return 0;
| }
configure:16445: result: no
configure:16403: checking for the pthreads library -llthread
configure:16436: gcc -o conftest -O2 -mfpmath=sse -msse2  -D__STATIC_LINK -DOPENSMILE_BUILD -DBUILD_SVMSMO -DBUILD_SVMSMO -DBUILD_LIBSVM -DBUILD_RNN -DBUILD_WITHOUT_EXPERIMENTAL -lrt -lm -lpthread -lc conftest.c -llthread  >&5
conftest.c: In function 'main':
conftest.c:28:22: warning: null argument where non-null required (argument 1) [-Wnonnull]
                      pthread_attr_init(0); pthread_cleanup_push(0, 0);
                      ^
conftest.c:29:22: warning: null argument where non-null required (argument 1) [-Wnonnull]
                      pthread_create(0,0,0,0); pthread_cleanup_pop(0);
                      ^
conftest.c:29:22: warning: null argument where non-null required (argument 3) [-Wnonnull]
/usr/bin/ld: cannot find -llthread
collect2: error: ld returned 1 exit status
configure:16436: $? = 1
configure: failed program was:
| /* confdefs.h */
| #define PACKAGE_NAME "openSMILE"
| #define PACKAGE_TARNAME "opensmile"
| #define PACKAGE_VERSION "2.3.0"
| #define PACKAGE_STRING "openSMILE 2.3.0"
| #define PACKAGE_BUGREPORT ""
| #define PACKAGE_URL ""
| #define PACKAGE "opensmile"
| #define VERSION "2.3.0"
| #define STDC_HEADERS 1
| #define HAVE_SYS_TYPES_H 1
| #define HAVE_SYS_STAT_H 1
| #define HAVE_STDLIB_H 1
| #define HAVE_STRING_H 1
| #define HAVE_MEMORY_H 1
| #define HAVE_STRINGS_H 1
| #define HAVE_INTTYPES_H 1
| #define HAVE_STDINT_H 1
| #define HAVE_UNISTD_H 1
| #define HAVE_DLFCN_H 1
| #define LT_OBJDIR ".libs/"
| /* end confdefs.h.  */
| #include <pthread.h>
| int
| main ()
| {
| pthread_t th; pthread_join(th, 0);
|                      pthread_attr_init(0); pthread_cleanup_push(0, 0);
|                      pthread_create(0,0,0,0); pthread_cleanup_pop(0);
|   ;
|   return 0;
| }
configure:16445: result: no
configure:16403: checking for the pthreads library -lpthread
configure:16436: gcc -o conftest -O2 -mfpmath=sse -msse2  -D__STATIC_LINK -DOPENSMILE_BUILD -DBUILD_SVMSMO -DBUILD_SVMSMO -DBUILD_LIBSVM -DBUILD_RNN -DBUILD_WITHOUT_EXPERIMENTAL -lrt -lm -lpthread -lc conftest.c -lpthread  >&5
conftest.c: In function 'main':
conftest.c:28:22: warning: null argument where non-null required (argument 1) [-Wnonnull]
                      pthread_attr_init(0); pthread_cleanup_push(0, 0);
                      ^
conftest.c:29:22: warning: null argument where non-null required (argument 1) [-Wnonnull]
                      pthread_create(0,0,0,0); pthread_cleanup_pop(0);
                      ^
conftest.c:29:22: warning: null argument where non-null required (argument 3) [-Wnonnull]
configure:16436: $? = 0
configure:16445: result: yes
configure:16464: checking for joinable pthread attribute
configure:16479: gcc -o conftest -O2 -mfpmath=sse -msse2  -D__STATIC_LINK -DOPENSMILE_BUILD -DBUILD_SVMSMO -DBUILD_SVMSMO -DBUILD_LIBSVM -DBUILD_RNN -DBUILD_WITHOUT_EXPERIMENTAL -lrt -lm -lpthread -lc conftest.c -lpthread  >&5
configure:16479: $? = 0
configure:16485: result: PTHREAD_CREATE_JOINABLE
configure:16495: checking if more special flags are required for pthreads
configure:16502: result: no
configure:16786: checking that generated files are newer than configure
configure:16792: result: done
configure:16823: creating ./config.status

## ---------------------- ##
## Running config.status. ##
## ---------------------- ##

This file was extended by openSMILE config.status 2.3.0, which was
generated by GNU Autoconf 2.69.  Invocation command line was

  CONFIG_FILES    = 
  CONFIG_HEADERS  = 
  CONFIG_LINKS    = 
  CONFIG_COMMANDS = 
  $ ./config.status 

on adrien-S551LN

config.status:1164: creating Makefile
config.status:1164: creating config.h
config.status:1345: config.h is unchanged
config.status:1393: executing depfiles commands
config.status:1393: executing libtool commands

## ---------------- ##
## Cache variables. ##
## ---------------- ##

ac_cv_build=x86_64-pc-linux-gnu
ac_cv_c_compiler_gnu=yes
ac_cv_cxx_compiler_gnu=yes
ac_cv_env_CCC_set=
ac_cv_env_CCC_value=
ac_cv_env_CC_set=
ac_cv_env_CC_value=
ac_cv_env_CFLAGS_set=set
ac_cv_env_CFLAGS_value='-O2 -mfpmath=sse -msse2'
ac_cv_env_CPPFLAGS_set=set
ac_cv_env_CPPFLAGS_value='-D__STATIC_LINK -DOPENSMILE_BUILD -DBUILD_SVMSMO -DBUILD_SVMSMO -DBUILD_LIBSVM -DBUILD_RNN -DBUILD_WITHOUT_EXPERIMENTAL'
ac_cv_env_CPP_set=
ac_cv_env_CPP_value=
ac_cv_env_CXXCPP_set=
ac_cv_env_CXXCPP_value=
ac_cv_env_CXXFLAGS_set=set
ac_cv_env_CXXFLAGS_value='-O2 -mfpmath=sse -msse2'
ac_cv_env_CXX_set=
ac_cv_env_CXX_value=
ac_cv_env_LDFLAGS_set=set
ac_cv_env_LDFLAGS_value='-lrt -lm -lpthread -lc'
ac_cv_env_LIBS_set=
ac_cv_env_LIBS_value=
ac_cv_env_LT_SYS_LIBRARY_PATH_set=
ac_cv_env_LT_SYS_LIBRARY_PATH_value=
ac_cv_env_build_alias_set=
ac_cv_env_build_alias_value=
ac_cv_env_host_alias_set=
ac_cv_env_host_alias_value=
ac_cv_env_target_alias_set=
ac_cv_env_target_alias_value=
ac_cv_header_dlfcn_h=yes
ac_cv_header_inttypes_h=yes
ac_cv_header_memory_h=yes
ac_cv_header_stdc=yes
ac_cv_header_stdint_h=yes
ac_cv_header_stdlib_h=yes
ac_cv_header_string_h=yes
ac_cv_header_strings_h=yes
ac_cv_header_sys_stat_h=yes
ac_cv_header_sys_types_h=yes
ac_cv_header_unistd_h=yes
ac_cv_host=x86_64-pc-linux-gnu
ac_cv_objext=o
ac_cv_path_EGREP='/bin/grep -E'
ac_cv_path_FGREP='/bin/grep -F'
ac_cv_path_GREP=/bin/grep
ac_cv_path_SED=/bin/sed
ac_cv_path_install='/usr/bin/install -c'
ac_cv_path_lt_DD=/bin/dd
ac_cv_path_mkdir=/bin/mkdir
ac_cv_prog_AWK=mawk
ac_cv_prog_CPP='gcc -E'
ac_cv_prog_CXXCPP='g++ -E'
ac_cv_prog_ac_ct_AR=ar
ac_cv_prog_ac_ct_CC=gcc
ac_cv_prog_ac_ct_CXX=g++
ac_cv_prog_ac_ct_MANIFEST_TOOL=mt
ac_cv_prog_ac_ct_OBJDUMP=objdump
ac_cv_prog_ac_ct_RANLIB=ranlib
ac_cv_prog_ac_ct_STRIP=strip
ac_cv_prog_cc_c89=
ac_cv_prog_cc_g=yes
ac_cv_prog_cxx_g=yes
ac_cv_prog_make_make_set=yes
am_cv_CC_dependencies_compiler_type=gcc3
am_cv_CXX_dependencies_compiler_type=gcc3
am_cv_make_support_nested_variables=yes
am_cv_prog_cc_c_o=yes
lt_cv_ar_at_file=@
lt_cv_deplibs_check_method=pass_all
lt_cv_file_magic_cmd='$MAGIC_CMD'
lt_cv_file_magic_test_file=
lt_cv_ld_reload_flag=-r
lt_cv_nm_interface='BSD nm'
lt_cv_objdir=.libs
lt_cv_path_LD=/usr/bin/ld
lt_cv_path_LDCXX='/usr/bin/ld -m elf_x86_64'
lt_cv_path_NM='/usr/bin/nm -B'
lt_cv_path_mainfest_tool=no
lt_cv_prog_compiler_c_o=yes
lt_cv_prog_compiler_c_o_CXX=yes
lt_cv_prog_compiler_pic='-fPIC -DPIC'
lt_cv_prog_compiler_pic_CXX='-fPIC -DPIC'
lt_cv_prog_compiler_pic_works=yes
lt_cv_prog_compiler_pic_works_CXX=yes
lt_cv_prog_compiler_rtti_exceptions=no
lt_cv_prog_compiler_static_works=yes
lt_cv_prog_compiler_static_works_CXX=yes
lt_cv_prog_gnu_ld=yes
lt_cv_prog_gnu_ldcxx=yes
lt_cv_sharedlib_from_linklib_cmd='printf %s\n'
lt_cv_shlibpath_overrides_runpath=no
lt_cv_sys_global_symbol_pipe='sed -n -e '\''s/^.*[	 ]\([ABCDGIRSTW][ABCDGIRSTW]*\)[	 ][	 ]*\([_A-Za-z][_A-Za-z0-9]*\)$/\1 \2 \2/p'\'' | sed '\''/ __gnu_lto/d'\'''
lt_cv_sys_global_symbol_to_c_name_address='sed -n -e '\''s/^: \(.*\) .*$/  {"\1", (void *) 0},/p'\'' -e '\''s/^[ABCDGIRSTW][ABCDGIRSTW]* .* \(.*\)$/  {"\1", (void *) \&\1},/p'\'''
lt_cv_sys_global_symbol_to_c_name_address_lib_prefix='sed -n -e '\''s/^: \(.*\) .*$/  {"\1", (void *) 0},/p'\'' -e '\''s/^[ABCDGIRSTW][ABCDGIRSTW]* .* \(lib.*\)$/  {"\1", (void *) \&\1},/p'\'' -e '\''s/^[ABCDGIRSTW][ABCDGIRSTW]* .* \(.*\)$/  {"lib\1", (void *) \&\1},/p'\'''
lt_cv_sys_global_symbol_to_cdecl='sed -n -e '\''s/^T .* \(.*\)$/extern int \1();/p'\'' -e '\''s/^[ABCDGIRSTW][ABCDGIRSTW]* .* \(.*\)$/extern char \1;/p'\'''
lt_cv_sys_global_symbol_to_import=
lt_cv_sys_max_cmd_len=1572864
lt_cv_to_host_file_cmd=func_convert_file_noop
lt_cv_to_tool_file_cmd=func_convert_file_noop
lt_cv_truncate_bin='/bin/dd bs=4096 count=1'

## ----------------- ##
## Output variables. ##
## ----------------- ##

ACLOCAL='${SHELL} /home/adrien/Bureau/TER/opensmile-2.3.0/missing aclocal-1.15'
AMDEPBACKSLASH='\'
AMDEP_FALSE='#'
AMDEP_TRUE=''
AMTAR='$${TAR-tar}'
AM_BACKSLASH='\'
AM_DEFAULT_V='$(AM_DEFAULT_VERBOSITY)'
AM_DEFAULT_VERBOSITY='1'
AM_V='$(V)'
ANDROID_LDFLAGS=''
AR='ar'
AUTOCONF='${SHELL} /home/adrien/Bureau/TER/opensmile-2.3.0/missing autoconf'
AUTOHEADER='${SHELL} /home/adrien/Bureau/TER/opensmile-2.3.0/missing autoheader'
AUTOMAKE='${SHELL} /home/adrien/Bureau/TER/opensmile-2.3.0/missing automake-1.15'
AWK='mawk'
BUILD_SMILExtract_FALSE='#'
BUILD_SMILExtract_TRUE=''
CC='gcc'
CCDEPMODE='depmode=gcc3'
CFLAGS='-O2 -mfpmath=sse -msse2'
CPP='gcc -E'
CPPFLAGS='-D__STATIC_LINK -DOPENSMILE_BUILD -DBUILD_SVMSMO -DBUILD_SVMSMO -DBUILD_LIBSVM -DBUILD_RNN -DBUILD_WITHOUT_EXPERIMENTAL'
CXX='g++'
CXXCPP='g++ -E'
CXXDEPMODE='depmode=gcc3'
CXXFLAGS='-O2 -mfpmath=sse -msse2'
CYGPATH_W='echo'
DEFS='-DHAVE_CONFIG_H'
DEPDIR='.deps'
DLIB='-ldl'
DLLTOOL='false'
DSYMUTIL=''
DUMPBIN=''
ECHO_C=''
ECHO_N='-n'
ECHO_T=''
EGREP='/bin/grep -E'
EXEEXT=''
FGREP='/bin/grep -F'
GREP='/bin/grep'
INSTALL_DATA='${INSTALL} -m 644'
INSTALL_PROGRAM='${INSTALL}'
INSTALL_SCRIPT='${INSTALL}'
INSTALL_STRIP_PROGRAM='$(install_sh) -c -s'
LD='/usr/bin/ld -m elf_x86_64'
LDFLAGS='-lrt -lm -lpthread -lc'
LIBOBJS=''
LIBS=''
LIBTOOL='$(SHELL) $(top_builddir)/libtool'
LIPO=''
LN_S='ln -s'
LTLIBOBJS=''
LT_SYS_LIBRARY_PATH=''
MAKEINFO='${SHELL} /home/adrien/Bureau/TER/opensmile-2.3.0/missing makeinfo'
MANIFEST_TOOL=':'
MKDIR_P='/bin/mkdir -p'
NM='/usr/bin/nm -B'
NMEDIT=''
OBJDUMP='objdump'
OBJEXT='o'
OPENCV_CPPFLAGS=''
OPENCV_LDFLAGS=''
OPENCV_ROOT='no'
OTOOL64=''
OTOOL=''
PACKAGE='opensmile'
PACKAGE_BUGREPORT=''
PACKAGE_NAME='openSMILE'
PACKAGE_STRING='openSMILE 2.3.0'
PACKAGE_TARNAME='opensmile'
PACKAGE_URL=''
PACKAGE_VERSION='2.3.0'
PATH_SEPARATOR=':'
PORTAUDIO_CPPFLAGS=''
PORTAUDIO_LDFLAGS=''
PORTAUDIO_ROOT='no'
PTHREAD_CC='gcc'
PTHREAD_CFLAGS=''
PTHREAD_LIBS='-lpthread'
RANLIB='ranlib'
SED='/bin/sed'
SET_MAKE=''
SHELL='/bin/bash'
STRIP='strip'
VERSION='2.3.0'
ac_ct_AR='ar'
ac_ct_CC='gcc'
ac_ct_CXX='g++'
ac_ct_DUMPBIN=''
acx_pthread_config=''
am__EXEEXT_FALSE=''
am__EXEEXT_TRUE='#'
am__fastdepCC_FALSE='#'
am__fastdepCC_TRUE=''
am__fastdepCXX_FALSE='#'
am__fastdepCXX_TRUE=''
am__include='include'
am__isrc=''
am__leading_dot='.'
am__nodep='_no'
am__quote=''
am__tar='$${TAR-tar} chof - "$$tardir"'
am__untar='$${TAR-tar} xf -'
bindir='${exec_prefix}/bin'
build='x86_64-pc-linux-gnu'
build_alias=''
build_cpu='x86_64'
build_os='linux-gnu'
build_vendor='pc'
datadir='${datarootdir}'
datarootdir='${prefix}/share'
docdir='${datarootdir}/doc/${PACKAGE_TARNAME}'
dvidir='${docdir}'
exec_prefix='${prefix}'
host='x86_64-pc-linux-gnu'
host_alias=''
host_cpu='x86_64'
host_os='linux-gnu'
host_vendor='pc'
htmldir='${docdir}'
includedir='${prefix}/include'
infodir='${datarootdir}/info'
install_sh='${SHELL} /home/adrien/Bureau/TER/opensmile-2.3.0/install-sh'
libdir='${exec_prefix}/lib'
libexecdir='${exec_prefix}/libexec'
localedir='${datarootdir}/locale'
localstatedir='${prefix}/var'
mandir='${datarootdir}/man'
mkdir_p='$(MKDIR_P)'
oldincludedir='/usr/include'
pdfdir='${docdir}'
prefix='/home/adrien/Bureau/TER/opensmile-2.3.0/inst'
program_transform_name='s,x,x,'
psdir='${docdir}'
runstatedir='${localstatedir}/run'
sbindir='${exec_prefix}/sbin'
sharedstatedir='${prefix}/com'
sysconfdir='${prefix}/etc'
target_alias=''

## ----------- ##
## confdefs.h. ##
## ----------- ##

/* confdefs.h */
#define PACKAGE_NAME "openSMILE"
#define PACKAGE_TARNAME "opensmile"
#define PACKAGE_VERSION "2.3.0"
#define PACKAGE_STRING "openSMILE 2.3.0"
#define PACKAGE_BUGREPORT ""
#define PACKAGE_URL ""
#define PACKAGE "opensmile"
#define VERSION "2.3.0"
#define STDC_HEADERS 1
#define HAVE_SYS_TYPES_H 1
#define HAVE_SYS_STAT_H 1
#define HAVE_STDLIB_H 1
#define HAVE_STRING_H 1
#define HAVE_MEMORY_H 1
#define HAVE_STRINGS_H 1
#define HAVE_INTTYPES_H 1
#define HAVE_STDINT_H 1
#define HAVE_UNISTD_H 1
#define HAVE_DLFCN_H 1
#define LT_OBJDIR ".libs/"
#define HAVE_PTHREAD 1
#define WITH_LIVEREC 1
#define HAVE_AUTOCONF 1

configure: exit 0
